{"uuid":"b2b02475-9bca-4b6b-b00c-a7b85d4f91c9","historyId":"5ae67f56f7b688b1b3fff9a14eaf99e6","fullName":"Search.ticketBookingFunctionality","labels":[{"name":"package","value":"Search"},{"name":"testClass","value":"Search"},{"name":"testMethod","value":"ticketBookingFunctionality"},{"name":"parentSuite","value":"Default Suite"},{"name":"suite","value":"AT"},{"name":"subSuite","value":"Search"},{"name":"host","value":"DESKTOP-5R1E43N"},{"name":"thread","value":"6776@DESKTOP-5R1E43N.main(1)"}],"links":[],"name":"ticketBookingFunctionality","status":"broken","statusDetails":{"known":false,"muted":false,"flaky":false,"message":"Expected condition failed: waiting for element to be clickable: By.xpath: //*[@id=\"main-container\"]/div/div/div/div[2]/div/div[1]/div/div[6]/div[2]/div/div[4]/div/div/a (tried for 60 second(s) with 50 milliseconds interval)","trace":"org.openqa.selenium.TimeoutException: Expected condition failed: waiting for element to be clickable: By.xpath: //*[@id=\"main-container\"]/div/div/div/div[2]/div/div[1]/div/div[6]/div[2]/div/div[4]/div/div/a (tried for 60 second(s) with 50 milliseconds interval)\r\n\tat org.openqa.selenium.support.ui.WebDriverWait.timeoutException(WebDriverWait.java:113)\r\n\tat org.openqa.selenium.support.ui.FluentWait.until(FluentWait.java:283)\r\n\tat core.Web.UI.SeleniumElement.Element.getWebElement(Element.java:48)\r\n\tat core.Web.UI.SeleniumElement.Element.waitUntilClickable(Element.java:90)\r\n\tat core.Web.UI.SeleniumElement.Button.click(Button.java:7)\r\n\tat Pages.SearchPage.chooseTicket(SearchPage.java:78)\r\n\tat Search.ticketBookingFunctionality(Search.java:17)\r\n\tat sun.reflect.NativeMethodAccessorImpl.invoke0(Native Method)\r\n\tat sun.reflect.NativeMethodAccessorImpl.invoke(NativeMethodAccessorImpl.java:62)\r\n\tat sun.reflect.DelegatingMethodAccessorImpl.invoke(DelegatingMethodAccessorImpl.java:43)\r\n\tat java.lang.reflect.Method.invoke(Method.java:498)\r\n\tat org.testng.internal.MethodInvocationHelper.invokeMethod(MethodInvocationHelper.java:86)\r\n\tat org.testng.internal.Invoker.invokeMethod(Invoker.java:643)\r\n\tat org.testng.internal.Invoker.invokeTestMethod(Invoker.java:820)\r\n\tat org.testng.internal.Invoker.invokeTestMethods(Invoker.java:1128)\r\n\tat org.testng.internal.TestMethodWorker.invokeTestMethods(TestMethodWorker.java:129)\r\n\tat org.testng.internal.TestMethodWorker.run(TestMethodWorker.java:112)\r\n\tat org.testng.TestRunner.privateRun(TestRunner.java:782)\r\n\tat org.testng.TestRunner.run(TestRunner.java:632)\r\n\tat org.testng.SuiteRunner.runTest(SuiteRunner.java:366)\r\n\tat org.testng.SuiteRunner.runSequentially(SuiteRunner.java:361)\r\n\tat org.testng.SuiteRunner.privateRun(SuiteRunner.java:319)\r\n\tat org.testng.SuiteRunner.run(SuiteRunner.java:268)\r\n\tat org.testng.SuiteRunnerWorker.runSuite(SuiteRunnerWorker.java:52)\r\n\tat org.testng.SuiteRunnerWorker.run(SuiteRunnerWorker.java:86)\r\n\tat org.testng.TestNG.runSuitesSequentially(TestNG.java:1244)\r\n\tat org.testng.TestNG.runSuitesLocally(TestNG.java:1169)\r\n\tat org.testng.TestNG.run(TestNG.java:1064)\r\n\tat com.intellij.rt.testng.IDEARemoteTestNG.run(IDEARemoteTestNG.java:66)\r\n\tat com.intellij.rt.testng.RemoteTestNGStarter.main(RemoteTestNGStarter.java:110)\r\nCaused by: org.openqa.selenium.NoSuchElementException: Cannot locate an element using By.xpath: //*[@id=\"main-container\"]/div/div/div/div[2]/div/div[1]/div/div[6]/div[2]/div/div[4]/div/div/a\nFor documentation on this error, please visit: http://seleniumhq.org/exceptions/no_such_element.html\nBuild info: version: '3.14.0', revision: 'aacccce0', time: '2018-08-02T20:19:58.91Z'\nSystem info: host: 'DESKTOP-5R1E43N', ip: '5.5.9.180', os.name: 'Windows 10', os.arch: 'amd64', os.version: '10.0', java.version: '1.8.0_241'\nDriver info: driver.version: unknown\r\n\tat org.openqa.selenium.support.ui.ExpectedConditions.lambda$findElement$0(ExpectedConditions.java:896)\r\n\tat java.util.Optional.orElseThrow(Optional.java:290)\r\n\tat org.openqa.selenium.support.ui.ExpectedConditions.findElement(ExpectedConditions.java:895)\r\n\tat org.openqa.selenium.support.ui.ExpectedConditions.access$000(ExpectedConditions.java:44)\r\n\tat org.openqa.selenium.support.ui.ExpectedConditions$7.apply(ExpectedConditions.java:206)\r\n\tat org.openqa.selenium.support.ui.ExpectedConditions$7.apply(ExpectedConditions.java:202)\r\n\tat org.openqa.selenium.support.ui.ExpectedConditions$22.apply(ExpectedConditions.java:657)\r\n\tat org.openqa.selenium.support.ui.ExpectedConditions$22.apply(ExpectedConditions.java:654)\r\n\tat org.openqa.selenium.support.ui.FluentWait.until(FluentWait.java:260)\r\n\t... 28 more\r\n"},"stage":"finished","start":1585840349584,"stop":1585840432609,"steps":[{"name":"Input text to field caption","status":"passed","stage":"finished","start":1585840361706,"stop":1585840362626,"parameters":[{"name":"text","value":"Comic"}]},{"name":"Select value Vilnius from dropdown city","status":"passed","stage":"finished","start":1585840362626,"stop":1585840362965,"parameters":[{"name":"value","value":"Vilnius"}]}],"attachments":[{"name":"getBytes","source":"8917e6e7-2136-4290-85ce-d502aa76025c-attachment"}],"parameters":[]}