{"uuid":"f06631a3-96e0-4007-95eb-7a72ba83ba74","historyId":"5ae67f56f7b688b1b3fff9a14eaf99e6","fullName":"Search.ticketBookingFunctionality","labels":[{"name":"package","value":"Search"},{"name":"testClass","value":"Search"},{"name":"testMethod","value":"ticketBookingFunctionality"},{"name":"parentSuite","value":"Default Suite"},{"name":"suite","value":"AT"},{"name":"subSuite","value":"Search"},{"name":"host","value":"DESKTOP-5R1E43N"},{"name":"thread","value":"4432@DESKTOP-5R1E43N.main(1)"}],"links":[],"name":"ticketBookingFunctionality","status":"broken","statusDetails":{"known":false,"muted":false,"flaky":false,"message":"Index: 1, Size: 1","trace":"java.lang.IndexOutOfBoundsException: Index: 1, Size: 1\r\n\tat java.util.ArrayList.rangeCheck(ArrayList.java:657)\r\n\tat java.util.ArrayList.get(ArrayList.java:433)\r\n\tat core.Web.UI.SeleniumElement.Element.getElementFromList(Element.java:37)\r\n\tat Pages.SearchPage.selectCityByIndex_aroundBody4(SearchPage.java:53)\r\n\tat Pages.SearchPage$AjcClosure5.run(SearchPage.java:1)\r\n\tat org.aspectj.runtime.reflect.JoinPointImpl.proceed(JoinPointImpl.java:149)\r\n\tat io.qameta.allure.aspects.StepsAspects.step(StepsAspects.java:51)\r\n\tat Pages.SearchPage.selectCityByIndex(SearchPage.java:53)\r\n\tat Search.ticketBookingFunctionality(Search.java:12)\r\n\tat sun.reflect.NativeMethodAccessorImpl.invoke0(Native Method)\r\n\tat sun.reflect.NativeMethodAccessorImpl.invoke(NativeMethodAccessorImpl.java:62)\r\n\tat sun.reflect.DelegatingMethodAccessorImpl.invoke(DelegatingMethodAccessorImpl.java:43)\r\n\tat java.lang.reflect.Method.invoke(Method.java:498)\r\n\tat org.testng.internal.MethodInvocationHelper.invokeMethod(MethodInvocationHelper.java:86)\r\n\tat org.testng.internal.Invoker.invokeMethod(Invoker.java:643)\r\n\tat org.testng.internal.Invoker.invokeTestMethod(Invoker.java:820)\r\n\tat org.testng.internal.Invoker.invokeTestMethods(Invoker.java:1128)\r\n\tat org.testng.internal.TestMethodWorker.invokeTestMethods(TestMethodWorker.java:129)\r\n\tat org.testng.internal.TestMethodWorker.run(TestMethodWorker.java:112)\r\n\tat org.testng.TestRunner.privateRun(TestRunner.java:782)\r\n\tat org.testng.TestRunner.run(TestRunner.java:632)\r\n\tat org.testng.SuiteRunner.runTest(SuiteRunner.java:366)\r\n\tat org.testng.SuiteRunner.runSequentially(SuiteRunner.java:361)\r\n\tat org.testng.SuiteRunner.privateRun(SuiteRunner.java:319)\r\n\tat org.testng.SuiteRunner.run(SuiteRunner.java:268)\r\n\tat org.testng.SuiteRunnerWorker.runSuite(SuiteRunnerWorker.java:52)\r\n\tat org.testng.SuiteRunnerWorker.run(SuiteRunnerWorker.java:86)\r\n\tat org.testng.TestNG.runSuitesSequentially(TestNG.java:1244)\r\n\tat org.testng.TestNG.runSuitesLocally(TestNG.java:1169)\r\n\tat org.testng.TestNG.run(TestNG.java:1064)\r\n\tat com.intellij.rt.testng.IDEARemoteTestNG.run(IDEARemoteTestNG.java:66)\r\n\tat com.intellij.rt.testng.RemoteTestNGStarter.main(RemoteTestNGStarter.java:110)\r\n"},"stage":"finished","start":1585853774265,"stop":1585853817485,"steps":[{"name":"Input text to field caption","status":"passed","stage":"finished","start":1585853808022,"stop":1585853811742,"parameters":[{"name":"text","value":"Comic"}]},{"name":"Select value Vilnius from dropdown city","status":"broken","statusDetails":{"known":false,"muted":false,"flaky":false,"message":"Index: 1, Size: 1","trace":"java.lang.IndexOutOfBoundsException: Index: 1, Size: 1\r\n\tat java.util.ArrayList.rangeCheck(ArrayList.java:657)\r\n\tat java.util.ArrayList.get(ArrayList.java:433)\r\n\tat core.Web.UI.SeleniumElement.Element.getElementFromList(Element.java:37)\r\n\tat Pages.SearchPage.selectCityByIndex_aroundBody4(SearchPage.java:53)\r\n\tat Pages.SearchPage$AjcClosure5.run(SearchPage.java:1)\r\n\tat org.aspectj.runtime.reflect.JoinPointImpl.proceed(JoinPointImpl.java:149)\r\n\tat io.qameta.allure.aspects.StepsAspects.step(StepsAspects.java:51)\r\n\tat Pages.SearchPage.selectCityByIndex(SearchPage.java:53)\r\n\tat Search.ticketBookingFunctionality(Search.java:12)\r\n\tat sun.reflect.NativeMethodAccessorImpl.invoke0(Native Method)\r\n\tat sun.reflect.NativeMethodAccessorImpl.invoke(NativeMethodAccessorImpl.java:62)\r\n\tat sun.reflect.DelegatingMethodAccessorImpl.invoke(DelegatingMethodAccessorImpl.java:43)\r\n\tat java.lang.reflect.Method.invoke(Method.java:498)\r\n\tat org.testng.internal.MethodInvocationHelper.invokeMethod(MethodInvocationHelper.java:86)\r\n\tat org.testng.internal.Invoker.invokeMethod(Invoker.java:643)\r\n\tat org.testng.internal.Invoker.invokeTestMethod(Invoker.java:820)\r\n\tat org.testng.internal.Invoker.invokeTestMethods(Invoker.java:1128)\r\n\tat org.testng.internal.TestMethodWorker.invokeTestMethods(TestMethodWorker.java:129)\r\n\tat org.testng.internal.TestMethodWorker.run(TestMethodWorker.java:112)\r\n\tat org.testng.TestRunner.privateRun(TestRunner.java:782)\r\n\tat org.testng.TestRunner.run(TestRunner.java:632)\r\n\tat org.testng.SuiteRunner.runTest(SuiteRunner.java:366)\r\n\tat org.testng.SuiteRunner.runSequentially(SuiteRunner.java:361)\r\n\tat org.testng.SuiteRunner.privateRun(SuiteRunner.java:319)\r\n\tat org.testng.SuiteRunner.run(SuiteRunner.java:268)\r\n\tat org.testng.SuiteRunnerWorker.runSuite(SuiteRunnerWorker.java:52)\r\n\tat org.testng.SuiteRunnerWorker.run(SuiteRunnerWorker.java:86)\r\n\tat org.testng.TestNG.runSuitesSequentially(TestNG.java:1244)\r\n\tat org.testng.TestNG.runSuitesLocally(TestNG.java:1169)\r\n\tat org.testng.TestNG.run(TestNG.java:1064)\r\n\tat com.intellij.rt.testng.IDEARemoteTestNG.run(IDEARemoteTestNG.java:66)\r\n\tat com.intellij.rt.testng.RemoteTestNGStarter.main(RemoteTestNGStarter.java:110)\r\n"},"stage":"finished","start":1585853811743,"stop":1585853811907}],"attachments":[{"name":"getBytes","source":"c3f31a70-0de3-45ef-bbee-79610ead81b1-attachment"}],"parameters":[]}